#
# A fatal error has been detected by the Java Runtime Environment:
#
#  SIGSEGV (0xb) at pc=0xb705d528, pid=30200, tid=1838869312
#
# JRE version: Java(TM) SE Runtime Environment (7.0_72-b14) (build 1.7.0_72-b14)
# Java VM: Java HotSpot(TM) Server VM (24.72-b04 mixed mode linux-x86 )
# Problematic frame:
# V  [libjvm.so+0x7de528]  interpretedVFrame::monitors() const+0x158
#
# Failed to write core dump. Core dumps have been disabled. To enable core dumping, try "ulimit -c unlimited" before starting Java again
#
# If you would like to submit a bug report, please visit:
#   http://bugreport.sun.com/bugreport/crash.jsp
#

---------------  T H R E A D  ---------------

Current thread (0x6da2d000):  JavaThread "JDWP Transport Listener: dt_socket" daemon [_thread_in_vm, id=30216, stack(0x6d95e000,0x6d9af000)]

siginfo:si_signo=SIGSEGV: si_errno=0, si_code=2 (SEGV_ACCERR), si_addr=0xb67eaffc

Registers:
EAX=0x9e633d90, EBX=0xb714ff74, ECX=0x00000000, EDX=0xb67eaff8
ESP=0x6d9ad910, EBP=0x6d9ad9a8, ESI=0x6da2d65c, EDI=0x6d9ad96c
EIP=0xb705d528, EFLAGS=0x00010202, CR2=0xb67eaffc

Top of Stack: (sp=0x6d9ad910)
0x6d9ad910:   00000000 6da2d7e0 6d9ad954 6d9ad954
0x6d9ad920:   6da2d644 00000000 00000000 00000000
0x6d9ad930:   09a0dbd8 b67eaff8 7040b010 b6837fd4
0x6d9ad940:   b33d259a b33d1a48 00000000 b6838000
0x6d9ad950:   b6837fe0 b6837fd4 b33d259a b33d1a48
0x6d9ad960:   00000000 b6838000 b6837fe0 b6837fd4
0x6d9ad970:   b33d259a b33d1a48 00000000 b6838000
0x6d9ad980:   b6837fe0 b6837fd4 b33d259a b33d1a48 

Instructions: (pc=0xb705d528)
0xb705d508:   85 70 ff ff ff 89 85 74 ff ff ff 50 e8 d7 ad be
0xb705d518:   ff 83 c4 10 39 45 8c 0f 82 0b 01 00 00 8b 55 8c
0xb705d528:   8b 7a 04 50 50 6a 00 6a 10 e8 ba 1a f2 ff 83 c4
0xb705d538:   10 89 45 88 85 c0 74 17 89 38 c7 40 08 00 00 00 

Register to memory mapping:

EAX=0x9e633d90 is an oop
java.lang.NullPointerException 
 - klass: 'java/lang/NullPointerException'
EBX=0xb714ff74: <offset 0x8d0f74> in /usr/lib/jvm/java-7-oracle/jre/lib/i386/server/libjvm.so at 0xb687f000
ECX=0x00000000 is an unknown value
EDX=0xb67eaff8 is pointing into the stack for thread: 0xb6609400
ESP=0x6d9ad910 is pointing into the stack for thread: 0x6da2d000
EBP=0x6d9ad9a8 is pointing into the stack for thread: 0x6da2d000
ESI=0x6da2d65c is an unknown value
EDI=0x6d9ad96c is pointing into the stack for thread: 0x6da2d000


Stack: [0x6d95e000,0x6d9af000],  sp=0x6d9ad910,  free space=318k
Native frames: (J=compiled Java code, j=interpreted, Vv=VM code, C=native code)
V  [libjvm.so+0x7de528]  interpretedVFrame::monitors() const+0x158
V  [libjvm.so+0x5665c5]  JvmtiEnvBase::get_locked_objects_in_frame(JavaThread*, JavaThread*, javaVFrame*, GrowableArray<_jvmtiMonitorStackDepthInfo*>*, int)+0x55
V  [libjvm.so+0x567dca]  JvmtiEnvBase::get_owned_monitors(JavaThread*, JavaThread*, GrowableArray<_jvmtiMonitorStackDepthInfo*>*)+0xfa
V  [libjvm.so+0x55e09a]  JvmtiEnv::GetOwnedMonitorInfo(JavaThread*, int*, _jobject***)+0xba
V  [libjvm.so+0x52a16f]  jvmti_GetOwnedMonitorInfo+0x29f
C  [libjdwp.so+0xa5f0]  ownedMonitors+0xd0
C  [libjdwp.so+0x12883]  debugLoop_run+0x303
C  [libjdwp.so+0x26fdf]  connectionInitiated+0xbf
C  [libjdwp.so+0x27020]  attachThread+0x30
V  [libjvm.so+0x57b2bc]  JvmtiAgentThread::call_start_function()+0x9c
V  [libjvm.so+0x7a41f9]  JavaThread::thread_main_inner()+0x109
V  [libjvm.so+0x7a4353]  JavaThread::run()+0x123
V  [libjvm.so+0x687dd9]  java_start(Thread*)+0x119
C  [libpthread.so.0+0x6f70]  start_thread+0xd0


---------------  P R O C E S S  ---------------

Java Threads: ( => current thread )
  0x6da3dc00 JavaThread "Service Thread" daemon [_thread_blocked, id=30233, stack(0x6d769000,0x6d7ba000)]
  0x6da33400 JavaThread "C2 CompilerThread1" daemon [_thread_blocked, id=30232, stack(0x6d7ba000,0x6d83b000)]
  0x6da31400 JavaThread "C2 CompilerThread0" daemon [_thread_blocked, id=30231, stack(0x6d83b000,0x6d8bc000)]
  0x0994a800 JavaThread "JDWP Command Reader" daemon [_thread_in_native, id=30220, stack(0x6d8bc000,0x6d90d000)]
  0x6da2f800 JavaThread "JDWP Event Helper Thread" daemon [_thread_blocked, id=30219, stack(0x6d90d000,0x6d95e000)]
=>0x6da2d000 JavaThread "JDWP Transport Listener: dt_socket" daemon [_thread_in_vm, id=30216, stack(0x6d95e000,0x6d9af000)]
  0x6da24400 JavaThread "Signal Dispatcher" daemon [_thread_blocked, id=30214, stack(0x6d9af000,0x6da00000)]
  0x6da14000 JavaThread "Finalizer" daemon [_thread_blocked, id=30212, stack(0x6db36000,0x6db87000)]
  0x6da12800 JavaThread "Reference Handler" daemon [_thread_blocked, id=30211, stack(0x6db87000,0x6dbd8000)]
  0xb6609400 JavaThread "main" [_thread_blocked, id=30203, stack(0xb67e8000,0xb6839000)]

Other Threads:
  0x6da10400 VMThread [stack: 0x70434000,0x704b5000] [id=30210]
  0x6da3fc00 WatcherThread [stack: 0x6d6e8000,0x6d769000] [id=30234]

VM state:not at safepoint (normal execution)

VM Mutex/Monitor currently owned by a thread: None

Heap
 PSYoungGen      total 18944K, used 1015K [0x9e580000, 0x9fa80000, 0xb3300000)
  eden space 16384K, 6% used [0x9e580000,0x9e67dcd8,0x9f580000)
  from space 2560K, 0% used [0x9f800000,0x9f800000,0x9fa80000)
  to   space 2560K, 0% used [0x9f580000,0x9f580000,0x9f800000)
 ParOldGen       total 42496K, used 0K [0x74b00000, 0x77480000, 0x9e580000)
  object space 42496K, 0% used [0x74b00000,0x74b00000,0x77480000)
 PSPermGen       total 16384K, used 1694K [0x70b00000, 0x71b00000, 0x74b00000)
  object space 16384K, 10% used [0x70b00000,0x70ca7a60,0x71b00000)

Card table byte_map: [0x708eb000,0x70b00000] byte_map_base: 0x70565800

Polling page: 0xb777c000

Code Cache  [0xb33cf000, 0xb360f000, 0xb63cf000)
 total_blobs=88 nmethods=0 adapters=66 free_code_cache=48865Kb largest_free_block=50038720

Compilation events (0 events):
No events

GC Heap History (0 events):
No events

Deoptimization events (0 events):
No events

Internal exceptions (3 events):
Event: 0.074 Thread 0xb6609400 Threw 0x9e58e0e0 at /HUDSON/workspace/7u-2-build-linux-i586/jdk7u72/1606/hotspot/src/share/vm/prims/jni.cpp:3991
Event: 1.213 Thread 0xb6609400 Threw 0x9e5c4230 at /HUDSON/workspace/7u-2-build-linux-i586/jdk7u72/1606/hotspot/src/share/vm/prims/jvm.cpp:1281
Event: 1.235 Thread 0xb6609400 Threw 0x9e633d90 at /HUDSON/workspace/7u-2-build-linux-i586/jdk7u72/1606/hotspot/src/share/vm/interpreter/linkResolver.cpp:892

Events (10 events):
Event: 29.086 Executing VM operation: RedefineClasses
Event: 29.086 Executing VM operation: RedefineClasses done
Event: 29.090 Executing VM operation: EnterInterpOnlyMode
Event: 29.090 Executing VM operation: EnterInterpOnlyMode done
Event: 29.090 Executing VM operation: GetCurrentLocation
Event: 29.090 Executing VM operation: GetCurrentLocation done
Event: 29.090 Executing VM operation: ChangeSingleStep
Event: 29.090 Executing VM operation: ChangeSingleStep done
Event: 29.091 Executing VM operation: ChangeSingleStep
Event: 29.091 Executing VM operation: ChangeSingleStep done


Dynamic libraries:
08048000-08049000 r-xp 00000000 08:05 1701827    /usr/lib/jvm/java-7-oracle/bin/java
08049000-0804a000 rw-p 00000000 08:05 1701827    /usr/lib/jvm/java-7-oracle/bin/java
09949000-09a2c000 rw-p 00000000 00:00 0          [heap]
6d4cc000-6d6e8000 rw-p 00000000 00:00 0 
6d6e8000-6d6e9000 ---p 00000000 00:00 0 
6d6e9000-6d769000 rw-p 00000000 00:00 0          [stack:30234]
6d769000-6d76c000 ---p 00000000 00:00 0 
6d76c000-6d7ba000 rw-p 00000000 00:00 0          [stack:30233]
6d7ba000-6d7bd000 ---p 00000000 00:00 0 
6d7bd000-6d83b000 rw-p 00000000 00:00 0          [stack:30232]
6d83b000-6d83e000 ---p 00000000 00:00 0 
6d83e000-6d8bc000 rw-p 00000000 00:00 0          [stack:30231]
6d8bc000-6d8bf000 ---p 00000000 00:00 0 
6d8bf000-6d90d000 rw-p 00000000 00:00 0          [stack:30220]
6d90d000-6d910000 ---p 00000000 00:00 0 
6d910000-6d95e000 rw-p 00000000 00:00 0          [stack:30219]
6d95e000-6d961000 ---p 00000000 00:00 0 
6d961000-6d9af000 rw-p 00000000 00:00 0          [stack:30216]
6d9af000-6d9b2000 ---p 00000000 00:00 0 
6d9b2000-6da00000 rw-p 00000000 00:00 0          [stack:30214]
6da00000-6da4e000 rw-p 00000000 00:00 0 
6da4e000-6db00000 ---p 00000000 00:00 0 
6db36000-6db39000 ---p 00000000 00:00 0 
6db39000-6db87000 rw-p 00000000 00:00 0          [stack:30212]
6db87000-6db8a000 ---p 00000000 00:00 0 
6db8a000-6dbd8000 rw-p 00000000 00:00 0          [stack:30211]
6dbd8000-6dd98000 r--s 039ea000 08:05 1701878    /usr/lib/jvm/java-7-oracle/jre/lib/rt.jar
6dd98000-70300000 rw-p 00000000 00:00 0 
70300000-70321000 rw-p 00000000 00:00 0 
70321000-70400000 ---p 00000000 00:00 0 
7040b000-70434000 rw-p 00000000 00:00 0 
70434000-70435000 ---p 00000000 00:00 0 
70435000-70500000 rw-p 00000000 00:00 0          [stack:30210]
70500000-70521000 rw-p 00000000 00:00 0 
70521000-70600000 ---p 00000000 00:00 0 
70607000-7067b000 rw-p 00000000 00:00 0 
7067b000-7067c000 ---p 00000000 00:00 0 
7067c000-706fc000 rw-p 00000000 00:00 0          [stack:30208]
706fc000-706fd000 ---p 00000000 00:00 0 
706fd000-70785000 rw-p 00000000 00:00 0          [stack:30207]
70785000-7079d000 rw-p 00000000 00:00 0 
7079d000-707b2000 rw-p 00000000 00:00 0 
707b2000-708eb000 rw-p 00000000 00:00 0 
708eb000-708f3000 rw-p 00000000 00:00 0 
708f3000-7090b000 rw-p 00000000 00:00 0 
7090b000-70920000 rw-p 00000000 00:00 0 
70920000-70a58000 rw-p 00000000 00:00 0 
70a58000-70a63000 rw-p 00000000 00:00 0 
70a63000-70aff000 rw-p 00000000 00:00 0 
70aff000-71b00000 rw-p 00000000 00:00 0 
71b00000-74b00000 rw-p 00000000 00:00 0 
74b00000-77480000 rw-p 00000000 00:00 0 
77480000-9e580000 rw-p 00000000 00:00 0 
9e580000-9fa80000 rw-p 00000000 00:00 0 
9fa80000-b3300000 rw-p 00000000 00:00 0 
b330f000-b3318000 rw-p 00000000 00:00 0 
b3318000-b33cf000 rw-p 00000000 00:00 0 
b33cf000-b360f000 rwxp 00000000 00:00 0 
b360f000-b63cf000 rw-p 00000000 00:00 0 
b63cf000-b63e6000 r-xp 00000000 08:05 1702141    /usr/lib/jvm/java-7-oracle/jre/lib/i386/libzip.so
b63e6000-b63e7000 rw-p 00017000 08:05 1702141    /usr/lib/jvm/java-7-oracle/jre/lib/i386/libzip.so
b63e7000-b63f2000 r-xp 00000000 08:05 168289     /lib/i386-linux-gnu/libnss_files-2.19.so
b63f2000-b63f3000 r--p 0000a000 08:05 168289     /lib/i386-linux-gnu/libnss_files-2.19.so
b63f3000-b63f4000 rw-p 0000b000 08:05 168289     /lib/i386-linux-gnu/libnss_files-2.19.so
b63f4000-b63fe000 r-xp 00000000 08:05 168462     /lib/i386-linux-gnu/libnss_nis-2.19.so
b63fe000-b63ff000 r--p 00009000 08:05 168462     /lib/i386-linux-gnu/libnss_nis-2.19.so
b63ff000-b6400000 rw-p 0000a000 08:05 168462     /lib/i386-linux-gnu/libnss_nis-2.19.so
b6400000-b6600000 r--p 00000000 08:05 793110     /usr/lib/locale/locale-archive
b6600000-b66f5000 rw-p 00000000 00:00 0 
b66f5000-b6700000 ---p 00000000 00:00 0 
b670b000-b6720000 r-xp 00000000 08:05 168459     /lib/i386-linux-gnu/libnsl-2.19.so
b6720000-b6721000 r--p 00015000 08:05 168459     /lib/i386-linux-gnu/libnsl-2.19.so
b6721000-b6722000 rw-p 00016000 08:05 168459     /lib/i386-linux-gnu/libnsl-2.19.so
b6722000-b6724000 rw-p 00000000 00:00 0 
b6724000-b672b000 r-xp 00000000 08:05 168290     /lib/i386-linux-gnu/libnss_compat-2.19.so
b672b000-b672c000 r--p 00006000 08:05 168290     /lib/i386-linux-gnu/libnss_compat-2.19.so
b672c000-b672d000 rw-p 00007000 08:05 168290     /lib/i386-linux-gnu/libnss_compat-2.19.so
b6739000-b673c000 rw-p 00000000 00:00 0 
b673c000-b6744000 rw-s 00000000 08:05 1841314    /tmp/hsperfdata_or/30200
b6744000-b6783000 r--p 00277000 08:05 793110     /usr/lib/locale/locale-archive
b6783000-b67ba000 r-xp 00000000 08:05 1702181    /usr/lib/jvm/java-7-oracle/jre/lib/i386/libjdwp.so
b67ba000-b67bb000 rw-p 00037000 08:05 1702181    /usr/lib/jvm/java-7-oracle/jre/lib/i386/libjdwp.so
b67bb000-b67de000 r-xp 00000000 08:05 1702142    /usr/lib/jvm/java-7-oracle/jre/lib/i386/libjava.so
b67de000-b67df000 rw-p 00023000 08:05 1702142    /usr/lib/jvm/java-7-oracle/jre/lib/i386/libjava.so
b67df000-b67e6000 r-xp 00000000 08:05 168458     /lib/i386-linux-gnu/librt-2.19.so
b67e6000-b67e7000 r--p 00006000 08:05 168458     /lib/i386-linux-gnu/librt-2.19.so
b67e7000-b67e8000 rw-p 00007000 08:05 168458     /lib/i386-linux-gnu/librt-2.19.so
b67e8000-b67eb000 ---p 00000000 00:00 0 
b67eb000-b6839000 rw-p 00000000 00:00 0          [stack:30203]
b6839000-b687d000 r-xp 00000000 08:05 168460     /lib/i386-linux-gnu/libm-2.19.so
b687d000-b687e000 r--p 00043000 08:05 168460     /lib/i386-linux-gnu/libm-2.19.so
b687e000-b687f000 rw-p 00044000 08:05 168460     /lib/i386-linux-gnu/libm-2.19.so
b687f000-b7104000 r-xp 00000000 08:05 1702154    /usr/lib/jvm/java-7-oracle/jre/lib/i386/server/libjvm.so
b7104000-b7168000 rw-p 00884000 08:05 1702154    /usr/lib/jvm/java-7-oracle/jre/lib/i386/server/libjvm.so
b7168000-b758c000 rw-p 00000000 00:00 0 
b758c000-b7735000 r-xp 00000000 08:05 168465     /lib/i386-linux-gnu/libc-2.19.so
b7735000-b7736000 ---p 001a9000 08:05 168465     /lib/i386-linux-gnu/libc-2.19.so
b7736000-b7738000 r--p 001a9000 08:05 168465     /lib/i386-linux-gnu/libc-2.19.so
b7738000-b7739000 rw-p 001ab000 08:05 168465     /lib/i386-linux-gnu/libc-2.19.so
b7739000-b773c000 rw-p 00000000 00:00 0 
b773c000-b773f000 r-xp 00000000 08:05 168754     /lib/i386-linux-gnu/libdl-2.19.so
b773f000-b7740000 r--p 00002000 08:05 168754     /lib/i386-linux-gnu/libdl-2.19.so
b7740000-b7741000 rw-p 00003000 08:05 168754     /lib/i386-linux-gnu/libdl-2.19.so
b7741000-b7754000 r-xp 00000000 08:05 1703198    /usr/lib/jvm/java-7-oracle/lib/i386/jli/libjli.so
b7754000-b7755000 rw-p 00012000 08:05 1703198    /usr/lib/jvm/java-7-oracle/lib/i386/jli/libjli.so
b7755000-b7756000 rw-p 00000000 00:00 0 
b7756000-b776e000 r-xp 00000000 08:05 168574     /lib/i386-linux-gnu/libpthread-2.19.so
b776e000-b776f000 r--p 00017000 08:05 168574     /lib/i386-linux-gnu/libpthread-2.19.so
b776f000-b7770000 rw-p 00018000 08:05 168574     /lib/i386-linux-gnu/libpthread-2.19.so
b7770000-b7772000 rw-p 00000000 00:00 0 
b7772000-b7775000 r-xp 00000000 08:05 1702127    /usr/lib/jvm/java-7-oracle/jre/lib/i386/libdt_socket.so
b7775000-b7776000 rw-p 00003000 08:05 1702127    /usr/lib/jvm/java-7-oracle/jre/lib/i386/libdt_socket.so
b7776000-b7777000 r--p 0059a000 08:05 793110     /usr/lib/locale/locale-archive
b7777000-b7778000 r--p 009ce000 08:05 793110     /usr/lib/locale/locale-archive
b7778000-b777a000 r-xp 00000000 08:05 1702162    /usr/lib/jvm/java-7-oracle/jre/lib/i386/libnpt.so
b777a000-b777b000 rw-p 00002000 08:05 1702162    /usr/lib/jvm/java-7-oracle/jre/lib/i386/libnpt.so
b777b000-b777c000 rw-p 00000000 00:00 0 
b777c000-b777d000 r--p 00000000 00:00 0 
b777d000-b7788000 r-xp 00000000 08:05 1702174    /usr/lib/jvm/java-7-oracle/jre/lib/i386/libverify.so
b7788000-b7789000 rw-p 0000b000 08:05 1702174    /usr/lib/jvm/java-7-oracle/jre/lib/i386/libverify.so
b7789000-b778b000 rw-p 00000000 00:00 0 
b778b000-b778c000 r-xp 00000000 00:00 0          [vdso]
b778c000-b77ac000 r-xp 00000000 08:05 168580     /lib/i386-linux-gnu/ld-2.19.so
b77ac000-b77ad000 r--p 0001f000 08:05 168580     /lib/i386-linux-gnu/ld-2.19.so
b77ad000-b77ae000 rw-p 00020000 08:05 168580     /lib/i386-linux-gnu/ld-2.19.so
bf843000-bf844000 rwxp 00000000 00:00 0 
bf876000-bf897000 rw-p 00000000 00:00 0          [stack]

VM Arguments:
jvm_args: -agentlib:jdwp=transport=dt_socket,suspend=y,address=localhost:56990 -Dfile.encoding=UTF-8 
java_command: Convert
Launcher Type: SUN_STANDARD

Environment Variables:
PATH=/usr/local/sbin:/usr/local/bin:/usr/sbin:/usr/bin:/sbin:/bin:/usr/games:/usr/local/games:/opt/android-sdk-linux/tools:/opt/android-sdk-linux/platform-tools
LD_LIBRARY_PATH=/usr/lib/jvm/java-7-oracle/jre/lib/i386/server:/usr/lib/jvm/java-7-oracle/jre/lib/i386:/usr/lib/jvm/java-7-oracle/jre/../lib/i386:/usr/lib/jvm/java-7-oracle/jre/lib/i386/client:/usr/lib/jvm/java-7-oracle/jre/lib/i386:
SHELL=/bin/bash
DISPLAY=:0.0

Signal Handlers:
SIGSEGV: [libjvm.so+0x7e9580], sa_mask[0]=0x7ffbfeff, sa_flags=0x10000004
SIGBUS: [libjvm.so+0x7e9580], sa_mask[0]=0x7ffbfeff, sa_flags=0x10000004
SIGFPE: [libjvm.so+0x682680], sa_mask[0]=0x7ffbfeff, sa_flags=0x10000004
SIGPIPE: [libjvm.so+0x682680], sa_mask[0]=0x7ffbfeff, sa_flags=0x10000004
SIGXFSZ: [libjvm.so+0x682680], sa_mask[0]=0x7ffbfeff, sa_flags=0x10000004
SIGILL: [libjvm.so+0x682680], sa_mask[0]=0x7ffbfeff, sa_flags=0x10000004
SIGUSR1: SIG_DFL, sa_mask[0]=0x00000000, sa_flags=0x00000000
SIGUSR2: [libjvm.so+0x683e80], sa_mask[0]=0x00000004, sa_flags=0x10000004
SIGHUP: [libjvm.so+0x6851b0], sa_mask[0]=0x7ffbfeff, sa_flags=0x10000004
SIGINT: [libjvm.so+0x6851b0], sa_mask[0]=0x7ffbfeff, sa_flags=0x10000004
SIGTERM: [libjvm.so+0x6851b0], sa_mask[0]=0x7ffbfeff, sa_flags=0x10000004
SIGQUIT: [libjvm.so+0x6851b0], sa_mask[0]=0x7ffbfeff, sa_flags=0x10000004


---------------  S Y S T E M  ---------------

OS:jessie/sid

uname:Linux 3.13.0-39-generic #66-Ubuntu SMP Tue Oct 28 13:31:23 UTC 2014 i686
libc:glibc 2.19 NPTL 2.19 
rlimit: STACK 8192k, CORE 0k, NPROC 31808, NOFILE 4096, AS infinity
load average:0.83 1.00 1.13

/proc/meminfo:
MemTotal:        4090700 kB
MemFree:          519384 kB
Buffers:          284008 kB
Cached:          1316872 kB
SwapCached:            8 kB
Active:          2341376 kB
Inactive:        1062696 kB
Active(anon):    1659324 kB
Inactive(anon):   388416 kB
Active(file):     682052 kB
Inactive(file):   674280 kB
Unevictable:           0 kB
Mlocked:               0 kB
HighTotal:       3240908 kB
HighFree:         322136 kB
LowTotal:         849792 kB
LowFree:          197248 kB
SwapTotal:       3905532 kB
SwapFree:        3905412 kB
Dirty:                76 kB
Writeback:             0 kB
AnonPages:       1803236 kB
Mapped:           307612 kB
Shmem:            244548 kB
Slab:             126672 kB
SReclaimable:     106056 kB
SUnreclaim:        20616 kB
KernelStack:        4336 kB
PageTables:        17108 kB
NFS_Unstable:          0 kB
Bounce:                0 kB
WritebackTmp:          0 kB
CommitLimit:     5950880 kB
Committed_AS:    5562368 kB
VmallocTotal:     122880 kB
VmallocUsed:       14968 kB
VmallocChunk:     103408 kB
HardwareCorrupted:     0 kB
AnonHugePages:    708608 kB
HugePages_Total:       0
HugePages_Free:        0
HugePages_Rsvd:        0
HugePages_Surp:        0
Hugepagesize:       2048 kB
DirectMap4k:       26616 kB
DirectMap2M:      886784 kB


CPU:total 2 (2 cores per cpu, 1 threads per core) family 6 model 15 stepping 13, cmov, cx8, fxsr, mmx, sse, sse2, sse3, ssse3, tsc

/proc/cpuinfo:
processor	: 0
vendor_id	: GenuineIntel
cpu family	: 6
model		: 15
model name	: Intel(R) Pentium(R) Dual  CPU  T3200  @ 2.00GHz
stepping	: 13
microcode	: 0xa3
cpu MHz		: 2000.000
cache size	: 1024 KB
physical id	: 0
siblings	: 2
core id		: 0
cpu cores	: 2
apicid		: 0
initial apicid	: 0
fdiv_bug	: no
f00f_bug	: no
coma_bug	: no
fpu		: yes
fpu_exception	: yes
cpuid level	: 10
wp		: yes
flags		: fpu vme de pse tsc msr pae mce cx8 apic sep mtrr pge mca cmov pat pse36 clflush dts acpi mmx fxsr sse sse2 ss ht tm pbe nx lm constant_tsc arch_perfmon pebs bts aperfmperf pni dtes64 monitor ds_cpl est tm2 ssse3 cx16 xtpr pdcm lahf_lm dtherm
bogomips	: 3990.17
clflush size	: 64
cache_alignment	: 64
address sizes	: 36 bits physical, 48 bits virtual
power management:

processor	: 1
vendor_id	: GenuineIntel
cpu family	: 6
model		: 15
model name	: Intel(R) Pentium(R) Dual  CPU  T3200  @ 2.00GHz
stepping	: 13
microcode	: 0xa3
cpu MHz		: 2000.000
cache size	: 1024 KB
physical id	: 0
siblings	: 2
core id		: 1
cpu cores	: 2
apicid		: 1
initial apicid	: 1
fdiv_bug	: no
f00f_bug	: no
coma_bug	: no
fpu		: yes
fpu_exception	: yes
cpuid level	: 10
wp		: yes
flags		: fpu vme de pse tsc msr pae mce cx8 apic sep mtrr pge mca cmov pat pse36 clflush dts acpi mmx fxsr sse sse2 ss ht tm pbe nx lm constant_tsc arch_perfmon pebs bts aperfmperf pni dtes64 monitor ds_cpl est tm2 ssse3 cx16 xtpr pdcm lahf_lm dtherm
bogomips	: 3990.17
clflush size	: 64
cache_alignment	: 64
address sizes	: 36 bits physical, 48 bits virtual
power management:



Memory: 4k page, physical 4090700k(519136k free), swap 3905532k(3905412k free)

vm_info: Java HotSpot(TM) Server VM (24.72-b04) for linux-x86 JRE (1.7.0_72-b14), built on Sep 26 2014 19:38:09 by "java_re" with gcc 4.3.0 20080428 (Red Hat 4.3.0-8)

time: Mon Nov 17 14:48:52 2014
elapsed time: 29 seconds

