#
# A fatal error has been detected by the Java Runtime Environment:
#
#  Internal Error (javaClasses.cpp:139), pid=5249, tid=3058789184
#  fatal error: Invalid layout of preloaded class
#
# JRE version:  (7.0_65-b32) (build )
# Java VM: OpenJDK Server VM (24.65-b04 mixed mode linux-x86 )
# Derivative: IcedTea 2.5.2
# Distribution: Ubuntu 14.04 LTS, package 7u65-2.5.2-3~14.04
# Failed to write core dump. Core dumps have been disabled. To enable core dumping, try "ulimit -c unlimited" before starting Java again
#
# If you would like to submit a bug report, please include
# instructions on how to reproduce the bug and visit:
#   http://icedtea.classpath.org/bugzilla
#

---------------  T H R E A D  ---------------

Current thread (0xb6307800):  JavaThread "Unknown thread" [_thread_in_vm, id=5255, stack(0xb64c6000,0xb6517000)]

Stack: [0xb64c6000,0xb6517000]

---------------  P R O C E S S  ---------------

Java Threads: ( => current thread )

Other Threads:

=>0xb6307800 (exited) JavaThread "Unknown thread" [_thread_in_vm, id=5255, stack(0xb64c6000,0xb6517000)]

VM state:not at safepoint (not fully initialized)

VM Mutex/Monitor currently owned by a thread: None

GC Heap History (0 events):
No events

Deoptimization events (0 events):
No events

Internal exceptions (0 events):
No events

Events (10 events):
Event: 0.013 loading class 0x6c424670 done
Event: 0.014 loading class 0x6c424100 done
Event: 0.014 loading class 0x6c4240e0
Event: 0.014 loading class 0x6c42b390
Event: 0.014 loading class 0x6c42b390 done
Event: 0.014 loading class 0x6c42b3c0
Event: 0.014 loading class 0x6c42b3c0 done
Event: 0.014 loading class 0x6c42b3f0
Event: 0.014 loading class 0x6c42b3f0 done
Event: 0.014 loading class 0x6c4240e0 done


Dynamic libraries:
08048000-08049000 r-xp 00000000 08:05 932748     /usr/lib/jvm/java-7-openjdk-i386/jre/bin/java
08049000-0804a000 r--p 00000000 08:05 932748     /usr/lib/jvm/java-7-openjdk-i386/jre/bin/java
0804a000-0804b000 rw-p 00001000 08:05 932748     /usr/lib/jvm/java-7-openjdk-i386/jre/bin/java
098b4000-098d5000 rw-p 00000000 00:00 0          [heap]
69a9a000-69b58000 r--s 0103e000 08:06 16263      /home/or/android-sdks/platforms/android-14/android.jar
69b58000-6c300000 rw-p 00000000 00:00 0 
6c300000-6c321000 rw-p 00000000 00:00 0 
6c321000-6c400000 ---p 00000000 00:00 0 
6c401000-6c47f000 rw-p 00000000 00:00 0 
6c47f000-6c480000 ---p 00000000 00:00 0 
6c480000-6c500000 rw-p 00000000 00:00 0          [stack:5257]
6c500000-6c521000 rw-p 00000000 00:00 0 
6c521000-6c600000 ---p 00000000 00:00 0 
6c621000-6c63c000 rw-p 00000000 00:00 0 
6c63c000-6c63d000 ---p 00000000 00:00 0 
6c63d000-6c6d2000 rw-p 00000000 00:00 0          [stack:5256]
6c6d2000-6c80b000 rw-p 00000000 00:00 0 
6c80b000-6c813000 rw-p 00000000 00:00 0 
6c813000-6c84b000 rw-p 00000000 00:00 0 
6c84b000-6c860000 rw-p 00000000 00:00 0 
6c860000-6c998000 rw-p 00000000 00:00 0 
6c998000-6c9a3000 rw-p 00000000 00:00 0 
6c9a3000-6ca3f000 rw-p 00000000 00:00 0 
6ca3f000-6da40000 rw-p 00000000 00:00 0 
6da40000-74a40000 rw-p 00000000 00:00 0 
74a40000-773c0000 rw-p 00000000 00:00 0 
773c0000-9e4c0000 rw-p 00000000 00:00 0 
9e4c0000-9f9c0000 rw-p 00000000 00:00 0 
9f9c0000-b3240000 rw-p 00000000 00:00 0 
b3240000-b3249000 rw-p 00000000 00:00 0 
b3249000-b3300000 rw-p 00000000 00:00 0 
b3300000-b3540000 rwxp 00000000 00:00 0 
b3540000-b6353000 rw-p 00000000 00:00 0 
b6353000-b6400000 ---p 00000000 00:00 0 
b6403000-b640b000 rw-p 00000000 00:00 0 
b640b000-b6443000 rw-p 00000000 00:00 0 
b6443000-b644e000 r-xp 00000000 08:05 168289     /lib/i386-linux-gnu/libnss_files-2.19.so
b644e000-b644f000 r--p 0000a000 08:05 168289     /lib/i386-linux-gnu/libnss_files-2.19.so
b644f000-b6450000 rw-p 0000b000 08:05 168289     /lib/i386-linux-gnu/libnss_files-2.19.so
b6450000-b645a000 r-xp 00000000 08:05 168462     /lib/i386-linux-gnu/libnss_nis-2.19.so
b645a000-b645b000 r--p 00009000 08:05 168462     /lib/i386-linux-gnu/libnss_nis-2.19.so
b645b000-b645c000 rw-p 0000a000 08:05 168462     /lib/i386-linux-gnu/libnss_nis-2.19.so
b645c000-b6471000 r-xp 00000000 08:05 168459     /lib/i386-linux-gnu/libnsl-2.19.so
b6471000-b6472000 r--p 00015000 08:05 168459     /lib/i386-linux-gnu/libnsl-2.19.so
b6472000-b6473000 rw-p 00016000 08:05 168459     /lib/i386-linux-gnu/libnsl-2.19.so
b6473000-b6475000 rw-p 00000000 00:00 0 
b6475000-b647c000 r-xp 00000000 08:05 168290     /lib/i386-linux-gnu/libnss_compat-2.19.so
b647c000-b647d000 r--p 00006000 08:05 168290     /lib/i386-linux-gnu/libnss_compat-2.19.so
b647d000-b647e000 rw-p 00007000 08:05 168290     /lib/i386-linux-gnu/libnss_compat-2.19.so
b6482000-b648a000 r-xp 00000000 08:05 932791     /usr/lib/jvm/java-7-openjdk-i386/jre/lib/i386/libzip.so
b648a000-b648b000 r--p 00007000 08:05 932791     /usr/lib/jvm/java-7-openjdk-i386/jre/lib/i386/libzip.so
b648b000-b648c000 rw-p 00008000 08:05 932791     /usr/lib/jvm/java-7-openjdk-i386/jre/lib/i386/libzip.so
b648c000-b6494000 rw-s 00000000 08:05 1305608    /tmp/hsperfdata_or/5249
b6494000-b64bb000 r-xp 00000000 08:05 932787     /usr/lib/jvm/java-7-openjdk-i386/jre/lib/i386/libjava.so
b64bb000-b64bc000 r--p 00026000 08:05 932787     /usr/lib/jvm/java-7-openjdk-i386/jre/lib/i386/libjava.so
b64bc000-b64bd000 rw-p 00027000 08:05 932787     /usr/lib/jvm/java-7-openjdk-i386/jre/lib/i386/libjava.so
b64bd000-b64c4000 r-xp 00000000 08:05 168458     /lib/i386-linux-gnu/librt-2.19.so
b64c4000-b64c5000 r--p 00006000 08:05 168458     /lib/i386-linux-gnu/librt-2.19.so
b64c5000-b64c6000 rw-p 00007000 08:05 168458     /lib/i386-linux-gnu/librt-2.19.so
b64c6000-b64c9000 ---p 00000000 00:00 0 
b64c9000-b6517000 rw-p 00000000 00:00 0          [stack:5255]
b6517000-b6533000 r-xp 00000000 08:05 130599     /lib/i386-linux-gnu/libgcc_s.so.1
b6533000-b6534000 rw-p 0001b000 08:05 130599     /lib/i386-linux-gnu/libgcc_s.so.1
b6534000-b6578000 r-xp 00000000 08:05 168460     /lib/i386-linux-gnu/libm-2.19.so
b6578000-b6579000 r--p 00043000 08:05 168460     /lib/i386-linux-gnu/libm-2.19.so
b6579000-b657a000 rw-p 00044000 08:05 168460     /lib/i386-linux-gnu/libm-2.19.so
b657a000-b6656000 r-xp 00000000 08:05 791599     /usr/lib/i386-linux-gnu/libstdc++.so.6.0.19
b6656000-b6657000 ---p 000dc000 08:05 791599     /usr/lib/i386-linux-gnu/libstdc++.so.6.0.19
b6657000-b665b000 r--p 000dc000 08:05 791599     /usr/lib/i386-linux-gnu/libstdc++.so.6.0.19
b665b000-b665c000 rw-p 000e0000 08:05 791599     /usr/lib/i386-linux-gnu/libstdc++.so.6.0.19
b665c000-b6663000 rw-p 00000000 00:00 0 
b6663000-b704e000 r-xp 00000000 08:05 932802     /usr/lib/jvm/java-7-openjdk-i386/jre/lib/i386/server/libjvm.so
b704e000-b70a0000 r--p 009ea000 08:05 932802     /usr/lib/jvm/java-7-openjdk-i386/jre/lib/i386/server/libjvm.so
b70a0000-b70b4000 rw-p 00a3c000 08:05 932802     /usr/lib/jvm/java-7-openjdk-i386/jre/lib/i386/server/libjvm.so
b70b4000-b74d1000 rw-p 00000000 00:00 0 
b74d1000-b74e9000 r-xp 00000000 08:05 131746     /lib/i386-linux-gnu/libz.so.1.2.8
b74e9000-b74ea000 r--p 00017000 08:05 131746     /lib/i386-linux-gnu/libz.so.1.2.8
b74ea000-b74eb000 rw-p 00018000 08:05 131746     /lib/i386-linux-gnu/libz.so.1.2.8
b74eb000-b74ec000 rw-p 00000000 00:00 0 
b74ec000-b7504000 r-xp 00000000 08:05 168574     /lib/i386-linux-gnu/libpthread-2.19.so
b7504000-b7505000 r--p 00017000 08:05 168574     /lib/i386-linux-gnu/libpthread-2.19.so
b7505000-b7506000 rw-p 00018000 08:05 168574     /lib/i386-linux-gnu/libpthread-2.19.so
b7506000-b7508000 rw-p 00000000 00:00 0 
b7508000-b750b000 r-xp 00000000 08:05 168754     /lib/i386-linux-gnu/libdl-2.19.so
b750b000-b750c000 r--p 00002000 08:05 168754     /lib/i386-linux-gnu/libdl-2.19.so
b750c000-b750d000 rw-p 00003000 08:05 168754     /lib/i386-linux-gnu/libdl-2.19.so
b750d000-b76b6000 r-xp 00000000 08:05 168465     /lib/i386-linux-gnu/libc-2.19.so
b76b6000-b76b7000 ---p 001a9000 08:05 168465     /lib/i386-linux-gnu/libc-2.19.so
b76b7000-b76b9000 r--p 001a9000 08:05 168465     /lib/i386-linux-gnu/libc-2.19.so
b76b9000-b76ba000 rw-p 001ab000 08:05 168465     /lib/i386-linux-gnu/libc-2.19.so
b76ba000-b76bd000 rw-p 00000000 00:00 0 
b76c1000-b76c2000 rw-p 00000000 00:00 0 
b76c2000-b76c3000 r--p 00000000 00:00 0 
b76c3000-b76d1000 r-xp 00000000 08:05 932823     /usr/lib/jvm/java-7-openjdk-i386/jre/lib/i386/libverify.so
b76d1000-b76d2000 r--p 0000d000 08:05 932823     /usr/lib/jvm/java-7-openjdk-i386/jre/lib/i386/libverify.so
b76d2000-b76d3000 rw-p 0000e000 08:05 932823     /usr/lib/jvm/java-7-openjdk-i386/jre/lib/i386/libverify.so
b76d3000-b76df000 r-xp 00000000 08:05 932816     /usr/lib/jvm/java-7-openjdk-i386/jre/lib/i386/jli/libjli.so
b76df000-b76e0000 r--p 0000c000 08:05 932816     /usr/lib/jvm/java-7-openjdk-i386/jre/lib/i386/jli/libjli.so
b76e0000-b76e1000 rw-p 0000d000 08:05 932816     /usr/lib/jvm/java-7-openjdk-i386/jre/lib/i386/jli/libjli.so
b76e1000-b76e4000 rw-p 00000000 00:00 0 
b76e4000-b76e5000 r-xp 00000000 00:00 0          [vdso]
b76e5000-b7705000 r-xp 00000000 08:05 168580     /lib/i386-linux-gnu/ld-2.19.so
b7705000-b7706000 r--p 0001f000 08:05 168580     /lib/i386-linux-gnu/ld-2.19.so
b7706000-b7707000 rw-p 00020000 08:05 168580     /lib/i386-linux-gnu/ld-2.19.so
bff4d000-bff4e000 rwxp 00000000 00:00 0 
bff80000-bffa1000 rw-p 00000000 00:00 0          [stack]

VM Arguments:
jvm_args: -Dfile.encoding=UTF-8 -Xbootclasspath:/home/or/android-sdks/platforms/android-14/android.jar 
java_command: com.example.tanachyomi.Teseter
Launcher Type: SUN_STANDARD

Environment Variables:
PATH=/usr/local/sbin:/usr/local/bin:/usr/sbin:/usr/bin:/sbin:/bin:/usr/games:/usr/local/games:/opt/android-sdk-linux/tools:/opt/android-sdk-linux/platform-tools
LD_LIBRARY_PATH=/usr/lib/jvm/java-7-openjdk-i386/jre/lib/i386/server:/usr/lib/jvm/java-7-openjdk-i386/jre/lib/i386:/usr/lib/jvm/java-7-openjdk-i386/jre/../lib/i386:/usr/lib/jvm/java-7-oracle/jre/lib/i386/client:/usr/lib/jvm/java-7-oracle/jre/lib/i386:
SHELL=/bin/bash
DISPLAY=:0.0

Signal Handlers:
SIGSEGV: [libjvm.so+0x80a0f0], sa_mask[0]=0x7ffbfeff, sa_flags=0x10000004
SIGBUS: [libjvm.so+0x80a0f0], sa_mask[0]=0x7ffbfeff, sa_flags=0x10000004
SIGFPE: [libjvm.so+0x683f80], sa_mask[0]=0x7ffbfeff, sa_flags=0x10000004
SIGPIPE: [libjvm.so+0x683f80], sa_mask[0]=0x7ffbfeff, sa_flags=0x10000004
SIGXFSZ: [libjvm.so+0x683f80], sa_mask[0]=0x7ffbfeff, sa_flags=0x10000004
SIGILL: [libjvm.so+0x683f80], sa_mask[0]=0x7ffbfeff, sa_flags=0x10000004
SIGUSR1: SIG_DFL, sa_mask[0]=0x00000000, sa_flags=0x00000000
SIGUSR2: [libjvm.so+0x683e10], sa_mask[0]=0x00000004, sa_flags=0x10000004
SIGHUP: SIG_DFL, sa_mask[0]=0x00000000, sa_flags=0x00000000
SIGINT: SIG_DFL, sa_mask[0]=0x00000000, sa_flags=0x00000000
SIGTERM: SIG_DFL, sa_mask[0]=0x00000000, sa_flags=0x00000000
SIGQUIT: SIG_DFL, sa_mask[0]=0x00000000, sa_flags=0x00000000
SIGTRAP: SIG_DFL, sa_mask[0]=0x00000000, sa_flags=0x00000000


---------------  S Y S T E M  ---------------

OS:Ubuntu 14.04 (trusty)
uname:Linux 3.13.0-37-generic #64-Ubuntu SMP Mon Sep 22 21:30:01 UTC 2014 i686
libc:glibc 2.19 NPTL 2.19 
rlimit: STACK 8192k, CORE 0k, NPROC 31808, NOFILE 4096, AS infinity
load average:0.68 0.63 0.61

/proc/meminfo:
MemTotal:        4090700 kB
MemFree:         1635276 kB
Buffers:          112288 kB
Cached:          1227552 kB
SwapCached:            0 kB
Active:          1580040 kB
Inactive:         774380 kB
Active(anon):    1015648 kB
Inactive(anon):    97468 kB
Active(file):     564392 kB
Inactive(file):   676912 kB
Unevictable:           0 kB
Mlocked:               0 kB
HighTotal:       3240908 kB
HighFree:        1224960 kB
LowTotal:         849792 kB
LowFree:          410316 kB
SwapTotal:       3905532 kB
SwapFree:        3905532 kB
Dirty:               236 kB
Writeback:             0 kB
AnonPages:       1014564 kB
Mapped:           166416 kB
Shmem:             98540 kB
Slab:              70752 kB
SReclaimable:      55080 kB
SUnreclaim:        15672 kB
KernelStack:        2992 kB
PageTables:         8760 kB
NFS_Unstable:          0 kB
Bounce:                0 kB
WritebackTmp:          0 kB
CommitLimit:     5950880 kB
Committed_AS:    3495464 kB
VmallocTotal:     122880 kB
VmallocUsed:       14740 kB
VmallocChunk:     102168 kB
HardwareCorrupted:     0 kB
AnonHugePages:    577536 kB
HugePages_Total:       0
HugePages_Free:        0
HugePages_Rsvd:        0
HugePages_Surp:        0
Hugepagesize:       2048 kB
DirectMap4k:       26616 kB
DirectMap2M:      886784 kB


CPU:total 2 (2 cores per cpu, 1 threads per core) family 6 model 15 stepping 13, cmov, cx8, fxsr, mmx, sse, sse2, sse3, ssse3, tsc

/proc/cpuinfo:
processor	: 0
vendor_id	: GenuineIntel
cpu family	: 6
model		: 15
model name	: Intel(R) Pentium(R) Dual  CPU  T3200  @ 2.00GHz
stepping	: 13
microcode	: 0xa3
cpu MHz		: 2000.000
cache size	: 1024 KB
physical id	: 0
siblings	: 2
core id		: 0
cpu cores	: 2
apicid		: 0
initial apicid	: 0
fdiv_bug	: no
f00f_bug	: no
coma_bug	: no
fpu		: yes
fpu_exception	: yes
cpuid level	: 10
wp		: yes
flags		: fpu vme de pse tsc msr pae mce cx8 apic sep mtrr pge mca cmov pat pse36 clflush dts acpi mmx fxsr sse sse2 ss ht tm pbe nx lm constant_tsc arch_perfmon pebs bts aperfmperf pni dtes64 monitor ds_cpl est tm2 ssse3 cx16 xtpr pdcm lahf_lm dtherm
bogomips	: 3990.19
clflush size	: 64
cache_alignment	: 64
address sizes	: 36 bits physical, 48 bits virtual
power management:

processor	: 1
vendor_id	: GenuineIntel
cpu family	: 6
model		: 15
model name	: Intel(R) Pentium(R) Dual  CPU  T3200  @ 2.00GHz
stepping	: 13
microcode	: 0xa3
cpu MHz		: 2000.000
cache size	: 1024 KB
physical id	: 0
siblings	: 2
core id		: 1
cpu cores	: 2
apicid		: 1
initial apicid	: 1
fdiv_bug	: no
f00f_bug	: no
coma_bug	: no
fpu		: yes
fpu_exception	: yes
cpuid level	: 10
wp		: yes
flags		: fpu vme de pse tsc msr pae mce cx8 apic sep mtrr pge mca cmov pat pse36 clflush dts acpi mmx fxsr sse sse2 ss ht tm pbe nx lm constant_tsc arch_perfmon pebs bts aperfmperf pni dtes64 monitor ds_cpl est tm2 ssse3 cx16 xtpr pdcm lahf_lm dtherm
bogomips	: 3990.19
clflush size	: 64
cache_alignment	: 64
address sizes	: 36 bits physical, 48 bits virtual
power management:



Memory: 4k page, physical 4090700k(1635276k free), swap 3905532k(3905532k free)

vm_info: OpenJDK Server VM (24.65-b04) for linux-x86 JRE (1.7.0_65-b32), built on Sep 10 2014 05:56:58 by "buildd" with gcc 4.8.2

time: Mon Oct 20 14:47:27 2014
elapsed time: 0 seconds

