#
# A fatal error has been detected by the Java Runtime Environment:
#
#  SIGSEGV (0xb) at pc=0xb6e48f03, pid=7590, tid=3062119232
#
# JRE version: Java(TM) SE Runtime Environment (7.0_72-b14) (build 1.7.0_72-b14)
# Java VM: Java HotSpot(TM) Server VM (24.72-b04 mixed mode linux-x86 )
# Problematic frame:
# V  [libjvm.so+0x5bef03]  LinkResolver::runtime_resolve_virtual_method(CallInfo&, methodHandle, KlassHandle, Handle, KlassHandle, bool, Thread*)+0xb3
#
# Failed to write core dump. Core dumps have been disabled. To enable core dumping, try "ulimit -c unlimited" before starting Java again
#
# If you would like to submit a bug report, please visit:
#   http://bugreport.sun.com/bugreport/crash.jsp
#

---------------  T H R E A D  ---------------

Current thread (0xb6609400):  JavaThread "main" [_thread_in_vm, id=7592, stack(0xb67f3000,0xb6844000)]

siginfo:si_signo=SIGSEGV: si_errno=0, si_code=1 (SEGV_MAPERR), si_addr=0x00010017

Registers:
EAX=0x00010002, EBX=0xb715af74, ECX=0xb6609400, EDX=0xb6609d34
ESP=0xb6842d58, EBP=0xb6842dd0, ESI=0xb6609d30, EDI=0x00000053
EIP=0xb6e48f03, EFLAGS=0x00010202, CR2=0x00010017

Top of Stack: (sp=0xb6842d58)
0xb6842d58:   6da3f840 00000000 b67c516c 6da111c0
0xb6842d68:   b6842db8 017b9cbb b67c516c 6da199d0
0xb6842d78:   b6842dec b6842dfc b67a79e6 6da2e748
0xb6842d88:   6da199d0 00000001 b6842db0 b6a6f5b3
0xb6842d98:   00010002 00000001 0000000c 0000000a
0xb6842da8:   b6609400 b6609cf8 00000001 b6fb0701
0xb6842db8:   b6842e1c 6da4c489 b6609d08 b715af74
0xb6842dc8:   b6609d20 b6609d14 b6842e30 b6e4a34a 

Instructions: (pc=0xb6e48f03)
0xb6e48ee3:   00 00 89 56 08 89 c6 8b 45 c8 89 06 85 f6 0f 84
0xb6e48ef3:   b1 04 00 00 80 7d 9f 00 0f 84 77 01 00 00 8b 06
0xb6e48f03:   f6 40 15 04 0f 84 6b 01 00 00 8b 7d 20 8b b7 b0
0xb6e48f13:   00 00 00 8b 56 04 89 55 a0 8b 4e 08 89 4d a4 8b 

Register to memory mapping:

EAX=0x00010002 is an unknown value
EBX=0xb715af74: <offset 0x8d0f74> in /usr/lib/jvm/java-7-oracle/jre/lib/i386/server/libjvm.so at 0xb688a000
ECX=0xb6609400 is a thread
EDX=0xb6609d34 is an unknown value
ESP=0xb6842d58 is pointing into the stack for thread: 0xb6609400
EBP=0xb6842dd0 is pointing into the stack for thread: 0xb6609400
ESI=0xb6609d30 is an unknown value
EDI=0x00000053 is an unknown value


Stack: [0xb67f3000,0xb6844000],  sp=0xb6842d58,  free space=319k
Native frames: (J=compiled Java code, j=interpreted, Vv=VM code, C=native code)
V  [libjvm.so+0x5bef03]  LinkResolver::runtime_resolve_virtual_method(CallInfo&, methodHandle, KlassHandle, Handle, KlassHandle, bool, Thread*)+0xb3
V  [libjvm.so+0x5c034a]  LinkResolver::resolve_invokevirtual(CallInfo&, Handle, constantPoolHandle, int, Thread*)+0x13a
V  [libjvm.so+0x482d9a]  InterpreterRuntime::resolve_invoke(JavaThread*, Bytecodes::Code)+0x17a
j  HTMLUtils.cleaning(Lorg/jsoup/nodes/Document;)Lorg/jsoup/nodes/Document;+3
j  HTMLUtils.main([Ljava/lang/String;)V+42
v  ~StubRoutines::call_stub
V  [libjvm.so+0x4878f5]  JavaCalls::call_helper(JavaValue*, methodHandle*, JavaCallArguments*, Thread*)+0x315
V  [libjvm.so+0x6808b9]  os::os_exception_wrapper(void (*)(JavaValue*, methodHandle*, JavaCallArguments*, Thread*), JavaValue*, methodHandle*, JavaCallArguments*, Thread*)+0x19
V  [libjvm.so+0x48656f]  JavaCalls::call(JavaValue*, methodHandle, JavaCallArguments*, Thread*)+0x2f
V  [libjvm.so+0x4c3d72]  jni_invoke_static(JNIEnv_*, JavaValue*, _jobject*, JNICallType, _jmethodID*, JNI_ArgumentPusher*, Thread*)+0x242
V  [libjvm.so+0x4d9f9a]  jni_CallStaticVoidMethod+0xca
C  [libjli.so+0x2e8d]  JavaMain+0x8bd
C  [libpthread.so.0+0x6f70]  start_thread+0xd0

Java frames: (J=compiled Java code, j=interpreted, Vv=VM code)
j  HTMLUtils.cleaning(Lorg/jsoup/nodes/Document;)Lorg/jsoup/nodes/Document;+3
j  HTMLUtils.main([Ljava/lang/String;)V+42
v  ~StubRoutines::call_stub

---------------  P R O C E S S  ---------------

Java Threads: ( => current thread )
  0x6da3dc00 JavaThread "Service Thread" daemon [_thread_blocked, id=7615, stack(0x6d769000,0x6d7ba000)]
  0x6da33400 JavaThread "C2 CompilerThread1" daemon [_thread_blocked, id=7614, stack(0x6d7ba000,0x6d83b000)]
  0x6da31400 JavaThread "C2 CompilerThread0" daemon [_thread_blocked, id=7613, stack(0x6d83b000,0x6d8bc000)]
  0x08a7e800 JavaThread "JDWP Command Reader" daemon [_thread_in_native, id=7609, stack(0x6d8bc000,0x6d90d000)]
  0x6da2f800 JavaThread "JDWP Event Helper Thread" daemon [_thread_blocked, id=7608, stack(0x6d90d000,0x6d95e000)]
  0x6da2d000 JavaThread "JDWP Transport Listener: dt_socket" daemon [_thread_blocked, id=7605, stack(0x6d95e000,0x6d9af000)]
  0x6da24400 JavaThread "Signal Dispatcher" daemon [_thread_blocked, id=7603, stack(0x6d9af000,0x6da00000)]
  0x6da14000 JavaThread "Finalizer" daemon [_thread_blocked, id=7602, stack(0x6db36000,0x6db87000)]
  0x6da12800 JavaThread "Reference Handler" daemon [_thread_blocked, id=7601, stack(0x6db87000,0x6dbd8000)]
=>0xb6609400 JavaThread "main" [_thread_in_vm, id=7592, stack(0xb67f3000,0xb6844000)]

Other Threads:
  0x6da10400 VMThread [stack: 0x70434000,0x704b5000] [id=7600]
  0x6da3fc00 WatcherThread [stack: 0x6d6e8000,0x6d769000] [id=7616]

VM state:not at safepoint (normal execution)

VM Mutex/Monitor currently owned by a thread: None

Heap
 PSYoungGen      total 18944K, used 3969K [0x9e580000, 0x9fa80000, 0xb3300000)
  eden space 16384K, 24% used [0x9e580000,0x9e960460,0x9f580000)
  from space 2560K, 0% used [0x9f800000,0x9f800000,0x9fa80000)
  to   space 2560K, 0% used [0x9f580000,0x9f580000,0x9f800000)
 ParOldGen       total 42496K, used 0K [0x74b00000, 0x77480000, 0x9e580000)
  object space 42496K, 0% used [0x74b00000,0x74b00000,0x77480000)
 PSPermGen       total 16384K, used 2407K [0x70b00000, 0x71b00000, 0x74b00000)
  object space 16384K, 14% used [0x70b00000,0x70d59e28,0x71b00000)

Card table byte_map: [0x708eb000,0x70b00000] byte_map_base: 0x70565800

Polling page: 0xb7786000

Code Cache  [0xb33db000, 0xb361b000, 0xb63db000)
 total_blobs=134 nmethods=31 adapters=66 free_code_cache=48820Kb largest_free_block=49977664

Compilation events (10 events):
Event: 0.505 Thread 0x6da31400 nmethod 27 0xb342e948 code [0xb342ea60, 0xb342ecd0]
Event: 0.507 Thread 0x6da33400 nmethod 26 0xb342cd48 code [0xb342ce60, 0xb342d2d0]
Event: 0.523 Thread 0x6da31400   28             java.lang.Math::min (11 bytes)
Event: 0.523 Thread 0x6da31400 nmethod 28 0xb3429bc8 code [0xb3429ca0, 0xb3429cd0]
Event: 0.527 Thread 0x6da31400   29             java.lang.String::equals (81 bytes)
Event: 0.531 Thread 0x6da33400   30             org.jsoup.parser.CharacterReader::consumeToAny (93 bytes)
Event: 0.539 Thread 0x6da31400 nmethod 29 0xb342c7c8 code [0xb342c8e0, 0xb342cb90]
Event: 0.541 Thread 0x6da33400 nmethod 30 0xb342c248 code [0xb342c360, 0xb342c63c]
Event: 0.546 Thread 0x6da31400   31             org.jsoup.helper.StringUtil::in (38 bytes)
Event: 0.551 Thread 0x6da31400 nmethod 31 0xb342bcc8 code [0xb342bdc0, 0xb342c030]

GC Heap History (0 events):
No events

Deoptimization events (0 events):
No events

Internal exceptions (10 events):
Event: 0.506 Thread 0xb6609400 Threw 0x9e887c30 at /HUDSON/workspace/7u-2-build-linux-i586/jdk7u72/1606/hotspot/src/share/vm/prims/jvm.cpp:1281
Event: 0.506 Thread 0xb6609400 Threw 0x9e889d18 at /HUDSON/workspace/7u-2-build-linux-i586/jdk7u72/1606/hotspot/src/share/vm/prims/jvm.cpp:1281
Event: 0.507 Thread 0xb6609400 Threw 0x9e88bd40 at /HUDSON/workspace/7u-2-build-linux-i586/jdk7u72/1606/hotspot/src/share/vm/prims/jvm.cpp:1281
Event: 0.507 Thread 0xb6609400 Threw 0x9e88dc20 at /HUDSON/workspace/7u-2-build-linux-i586/jdk7u72/1606/hotspot/src/share/vm/prims/jvm.cpp:1281
Event: 0.508 Thread 0xb6609400 Threw 0x9e88fac8 at /HUDSON/workspace/7u-2-build-linux-i586/jdk7u72/1606/hotspot/src/share/vm/prims/jvm.cpp:1281
Event: 0.515 Thread 0xb6609400 Threw 0x9e8931b8 at /HUDSON/workspace/7u-2-build-linux-i586/jdk7u72/1606/hotspot/src/share/vm/prims/jvm.cpp:1281
Event: 0.517 Thread 0xb6609400 Threw 0x9e8955d8 at /HUDSON/workspace/7u-2-build-linux-i586/jdk7u72/1606/hotspot/src/share/vm/prims/jvm.cpp:1281
Event: 0.519 Thread 0xb6609400 Threw 0x9e899f50 at /HUDSON/workspace/7u-2-build-linux-i586/jdk7u72/1606/hotspot/src/share/vm/prims/jvm.cpp:1281
Event: 0.523 Thread 0xb6609400 Threw 0x9e8a0288 at /HUDSON/workspace/7u-2-build-linux-i586/jdk7u72/1606/hotspot/src/share/vm/prims/jvm.cpp:1281
Event: 0.524 Thread 0xb6609400 Threw 0x9e8a4188 at /HUDSON/workspace/7u-2-build-linux-i586/jdk7u72/1606/hotspot/src/share/vm/prims/jvm.cpp:1281

Events (10 events):
Event: 655.754 Executing VM operation: RedefineClasses
Event: 655.755 Executing VM operation: RedefineClasses done
Event: 655.756 Executing VM operation: EnterInterpOnlyMode
Event: 655.756 Executing VM operation: EnterInterpOnlyMode done
Event: 655.756 Executing VM operation: GetCurrentLocation
Event: 655.756 Executing VM operation: GetCurrentLocation done
Event: 655.756 Executing VM operation: ChangeSingleStep
Event: 655.756 Executing VM operation: ChangeSingleStep done
Event: 655.757 Executing VM operation: ChangeSingleStep
Event: 655.757 Executing VM operation: ChangeSingleStep done


Dynamic libraries:
08048000-08049000 r-xp 00000000 08:05 1701827    /usr/lib/jvm/java-7-oracle/bin/java
08049000-0804a000 rw-p 00000000 08:05 1701827    /usr/lib/jvm/java-7-oracle/bin/java
08a7d000-08b10000 rw-p 00000000 00:00 0          [heap]
6d38d000-6d500000 rw-p 00000000 00:00 0 
6d500000-6d549000 rw-p 00000000 00:00 0 
6d549000-6d600000 ---p 00000000 00:00 0 
6d63f000-6d6e8000 rw-p 00000000 00:00 0 
6d6e8000-6d6e9000 ---p 00000000 00:00 0 
6d6e9000-6d769000 rw-p 00000000 00:00 0          [stack:7616]
6d769000-6d76c000 ---p 00000000 00:00 0 
6d76c000-6d7ba000 rw-p 00000000 00:00 0          [stack:7615]
6d7ba000-6d7bd000 ---p 00000000 00:00 0 
6d7bd000-6d83b000 rw-p 00000000 00:00 0          [stack:7614]
6d83b000-6d83e000 ---p 00000000 00:00 0 
6d83e000-6d8bc000 rw-p 00000000 00:00 0          [stack:7613]
6d8bc000-6d8bf000 ---p 00000000 00:00 0 
6d8bf000-6d90d000 rw-p 00000000 00:00 0          [stack:7609]
6d90d000-6d910000 ---p 00000000 00:00 0 
6d910000-6d95e000 rw-p 00000000 00:00 0          [stack:7608]
6d95e000-6d961000 ---p 00000000 00:00 0 
6d961000-6d9af000 rw-p 00000000 00:00 0          [stack:7605]
6d9af000-6d9b2000 ---p 00000000 00:00 0 
6d9b2000-6da00000 rw-p 00000000 00:00 0          [stack:7603]
6da00000-6db00000 rw-p 00000000 00:00 0 
6db36000-6db39000 ---p 00000000 00:00 0 
6db39000-6db87000 rw-p 00000000 00:00 0          [stack:7602]
6db87000-6db8a000 ---p 00000000 00:00 0 
6db8a000-6dbd8000 rw-p 00000000 00:00 0          [stack:7601]
6dbd8000-6dd98000 r--s 039ea000 08:05 1701878    /usr/lib/jvm/java-7-oracle/jre/lib/rt.jar
6dd98000-70300000 rw-p 00000000 00:00 0 
70300000-70321000 rw-p 00000000 00:00 0 
70321000-70400000 ---p 00000000 00:00 0 
70434000-70435000 ---p 00000000 00:00 0 
70435000-70500000 rw-p 00000000 00:00 0          [stack:7600]
70500000-70521000 rw-p 00000000 00:00 0 
70521000-70600000 ---p 00000000 00:00 0 
70620000-7067b000 rw-p 00000000 00:00 0 
7067b000-7067c000 ---p 00000000 00:00 0 
7067c000-706fc000 rw-p 00000000 00:00 0          [stack:7594]
706fc000-706fd000 ---p 00000000 00:00 0 
706fd000-70785000 rw-p 00000000 00:00 0          [stack:7593]
70785000-7079d000 rw-p 00000000 00:00 0 
7079d000-707b2000 rw-p 00000000 00:00 0 
707b2000-708eb000 rw-p 00000000 00:00 0 
708eb000-708f3000 rw-p 00000000 00:00 0 
708f3000-7090b000 rw-p 00000000 00:00 0 
7090b000-70920000 rw-p 00000000 00:00 0 
70920000-70a58000 rw-p 00000000 00:00 0 
70a58000-70a63000 rw-p 00000000 00:00 0 
70a63000-70aff000 rw-p 00000000 00:00 0 
70aff000-71b00000 rw-p 00000000 00:00 0 
71b00000-74b00000 rw-p 00000000 00:00 0 
74b00000-77480000 rw-p 00000000 00:00 0 
77480000-9e580000 rw-p 00000000 00:00 0 
9e580000-9fa80000 rw-p 00000000 00:00 0 
9fa80000-b3300000 rw-p 00000000 00:00 0 
b3302000-b3324000 rw-p 00000000 00:00 0 
b3324000-b33db000 rw-p 00000000 00:00 0 
b33db000-b361b000 rwxp 00000000 00:00 0 
b361b000-b63db000 rw-p 00000000 00:00 0 
b63db000-b63f2000 r-xp 00000000 08:05 1702141    /usr/lib/jvm/java-7-oracle/jre/lib/i386/libzip.so
b63f2000-b63f3000 rw-p 00017000 08:05 1702141    /usr/lib/jvm/java-7-oracle/jre/lib/i386/libzip.so
b63f3000-b63fe000 r-xp 00000000 08:05 168289     /lib/i386-linux-gnu/libnss_files-2.19.so
b63fe000-b63ff000 r--p 0000a000 08:05 168289     /lib/i386-linux-gnu/libnss_files-2.19.so
b63ff000-b6400000 rw-p 0000b000 08:05 168289     /lib/i386-linux-gnu/libnss_files-2.19.so
b6400000-b6600000 r--p 00000000 08:05 793110     /usr/lib/locale/locale-archive
b6600000-b66f5000 rw-p 00000000 00:00 0 
b66f5000-b6700000 ---p 00000000 00:00 0 
b6700000-b670b000 r--s 0037c000 08:05 1701881    /usr/lib/jvm/java-7-oracle/jre/lib/charsets.jar
b670b000-b6715000 r-xp 00000000 08:05 168462     /lib/i386-linux-gnu/libnss_nis-2.19.so
b6715000-b6716000 r--p 00009000 08:05 168462     /lib/i386-linux-gnu/libnss_nis-2.19.so
b6716000-b6717000 rw-p 0000a000 08:05 168462     /lib/i386-linux-gnu/libnss_nis-2.19.so
b6717000-b672c000 r-xp 00000000 08:05 168459     /lib/i386-linux-gnu/libnsl-2.19.so
b672c000-b672d000 r--p 00015000 08:05 168459     /lib/i386-linux-gnu/libnsl-2.19.so
b672d000-b672e000 rw-p 00016000 08:05 168459     /lib/i386-linux-gnu/libnsl-2.19.so
b672e000-b6730000 rw-p 00000000 00:00 0 
b6730000-b6737000 r-xp 00000000 08:05 168290     /lib/i386-linux-gnu/libnss_compat-2.19.so
b6737000-b6738000 r--p 00006000 08:05 168290     /lib/i386-linux-gnu/libnss_compat-2.19.so
b6738000-b6739000 rw-p 00007000 08:05 168290     /lib/i386-linux-gnu/libnss_compat-2.19.so
b6743000-b6746000 r-xp 00000000 08:05 1702127    /usr/lib/jvm/java-7-oracle/jre/lib/i386/libdt_socket.so
b6746000-b6747000 rw-p 00003000 08:05 1702127    /usr/lib/jvm/java-7-oracle/jre/lib/i386/libdt_socket.so
b6747000-b674f000 rw-s 00000000 08:05 1576093    /tmp/hsperfdata_or/7590
b674f000-b678e000 r--p 00277000 08:05 793110     /usr/lib/locale/locale-archive
b678e000-b67c5000 r-xp 00000000 08:05 1702181    /usr/lib/jvm/java-7-oracle/jre/lib/i386/libjdwp.so
b67c5000-b67c6000 rw-p 00037000 08:05 1702181    /usr/lib/jvm/java-7-oracle/jre/lib/i386/libjdwp.so
b67c6000-b67e9000 r-xp 00000000 08:05 1702142    /usr/lib/jvm/java-7-oracle/jre/lib/i386/libjava.so
b67e9000-b67ea000 rw-p 00023000 08:05 1702142    /usr/lib/jvm/java-7-oracle/jre/lib/i386/libjava.so
b67ea000-b67f1000 r-xp 00000000 08:05 168458     /lib/i386-linux-gnu/librt-2.19.so
b67f1000-b67f2000 r--p 00006000 08:05 168458     /lib/i386-linux-gnu/librt-2.19.so
b67f2000-b67f3000 rw-p 00007000 08:05 168458     /lib/i386-linux-gnu/librt-2.19.so
b67f3000-b67f6000 ---p 00000000 00:00 0 
b67f6000-b6844000 rw-p 00000000 00:00 0          [stack:7592]
b6844000-b6888000 r-xp 00000000 08:05 168460     /lib/i386-linux-gnu/libm-2.19.so
b6888000-b6889000 r--p 00043000 08:05 168460     /lib/i386-linux-gnu/libm-2.19.so
b6889000-b688a000 rw-p 00044000 08:05 168460     /lib/i386-linux-gnu/libm-2.19.so
b688a000-b710f000 r-xp 00000000 08:05 1702154    /usr/lib/jvm/java-7-oracle/jre/lib/i386/server/libjvm.so
b710f000-b7173000 rw-p 00884000 08:05 1702154    /usr/lib/jvm/java-7-oracle/jre/lib/i386/server/libjvm.so
b7173000-b7597000 rw-p 00000000 00:00 0 
b7597000-b7740000 r-xp 00000000 08:05 168465     /lib/i386-linux-gnu/libc-2.19.so
b7740000-b7741000 ---p 001a9000 08:05 168465     /lib/i386-linux-gnu/libc-2.19.so
b7741000-b7743000 r--p 001a9000 08:05 168465     /lib/i386-linux-gnu/libc-2.19.so
b7743000-b7744000 rw-p 001ab000 08:05 168465     /lib/i386-linux-gnu/libc-2.19.so
b7744000-b7747000 rw-p 00000000 00:00 0 
b7747000-b774a000 r-xp 00000000 08:05 168754     /lib/i386-linux-gnu/libdl-2.19.so
b774a000-b774b000 r--p 00002000 08:05 168754     /lib/i386-linux-gnu/libdl-2.19.so
b774b000-b774c000 rw-p 00003000 08:05 168754     /lib/i386-linux-gnu/libdl-2.19.so
b774c000-b775f000 r-xp 00000000 08:05 1703198    /usr/lib/jvm/java-7-oracle/lib/i386/jli/libjli.so
b775f000-b7760000 rw-p 00012000 08:05 1703198    /usr/lib/jvm/java-7-oracle/lib/i386/jli/libjli.so
b7760000-b7761000 rw-p 00000000 00:00 0 
b7761000-b7779000 r-xp 00000000 08:05 168574     /lib/i386-linux-gnu/libpthread-2.19.so
b7779000-b777a000 r--p 00017000 08:05 168574     /lib/i386-linux-gnu/libpthread-2.19.so
b777a000-b777b000 rw-p 00018000 08:05 168574     /lib/i386-linux-gnu/libpthread-2.19.so
b777b000-b777e000 rw-p 00000000 00:00 0 
b777e000-b7780000 rw-p 00000000 00:00 0 
b7780000-b7781000 r--p 0059a000 08:05 793110     /usr/lib/locale/locale-archive
b7781000-b7782000 r--p 009ce000 08:05 793110     /usr/lib/locale/locale-archive
b7782000-b7784000 r-xp 00000000 08:05 1702162    /usr/lib/jvm/java-7-oracle/jre/lib/i386/libnpt.so
b7784000-b7785000 rw-p 00002000 08:05 1702162    /usr/lib/jvm/java-7-oracle/jre/lib/i386/libnpt.so
b7785000-b7786000 rw-p 00000000 00:00 0 
b7786000-b7787000 r--p 00000000 00:00 0 
b7787000-b7792000 r-xp 00000000 08:05 1702174    /usr/lib/jvm/java-7-oracle/jre/lib/i386/libverify.so
b7792000-b7793000 rw-p 0000b000 08:05 1702174    /usr/lib/jvm/java-7-oracle/jre/lib/i386/libverify.so
b7793000-b7795000 rw-p 00000000 00:00 0 
b7795000-b7796000 r-xp 00000000 00:00 0          [vdso]
b7796000-b77b6000 r-xp 00000000 08:05 168580     /lib/i386-linux-gnu/ld-2.19.so
b77b6000-b77b7000 r--p 0001f000 08:05 168580     /lib/i386-linux-gnu/ld-2.19.so
b77b7000-b77b8000 rw-p 00020000 08:05 168580     /lib/i386-linux-gnu/ld-2.19.so
bfb3a000-bfb3b000 rwxp 00000000 00:00 0 
bfb6d000-bfb8e000 rw-p 00000000 00:00 0          [stack]

VM Arguments:
jvm_args: -agentlib:jdwp=transport=dt_socket,suspend=y,address=localhost:52860 -Dfile.encoding=UTF-8 
java_command: HTMLUtils
Launcher Type: SUN_STANDARD

Environment Variables:
PATH=/usr/local/sbin:/usr/local/bin:/usr/sbin:/usr/bin:/sbin:/bin:/usr/games:/usr/local/games:/opt/android-sdk-linux/tools:/opt/android-sdk-linux/platform-tools
LD_LIBRARY_PATH=/usr/lib/jvm/java-7-oracle/jre/lib/i386/server:/usr/lib/jvm/java-7-oracle/jre/lib/i386:/usr/lib/jvm/java-7-oracle/jre/../lib/i386:/usr/lib/jvm/java-7-oracle/jre/lib/i386/client:/usr/lib/jvm/java-7-oracle/jre/lib/i386:
SHELL=/bin/bash
DISPLAY=:0.0

Signal Handlers:
SIGSEGV: [libjvm.so+0x7e9580], sa_mask[0]=0x7ffbfeff, sa_flags=0x10000004
SIGBUS: [libjvm.so+0x7e9580], sa_mask[0]=0x7ffbfeff, sa_flags=0x10000004
SIGFPE: [libjvm.so+0x682680], sa_mask[0]=0x7ffbfeff, sa_flags=0x10000004
SIGPIPE: [libjvm.so+0x682680], sa_mask[0]=0x7ffbfeff, sa_flags=0x10000004
SIGXFSZ: [libjvm.so+0x682680], sa_mask[0]=0x7ffbfeff, sa_flags=0x10000004
SIGILL: [libjvm.so+0x682680], sa_mask[0]=0x7ffbfeff, sa_flags=0x10000004
SIGUSR1: SIG_DFL, sa_mask[0]=0x00000000, sa_flags=0x00000000
SIGUSR2: [libjvm.so+0x683e80], sa_mask[0]=0x00000004, sa_flags=0x10000004
SIGHUP: [libjvm.so+0x6851b0], sa_mask[0]=0x7ffbfeff, sa_flags=0x10000004
SIGINT: [libjvm.so+0x6851b0], sa_mask[0]=0x7ffbfeff, sa_flags=0x10000004
SIGTERM: [libjvm.so+0x6851b0], sa_mask[0]=0x7ffbfeff, sa_flags=0x10000004
SIGQUIT: [libjvm.so+0x6851b0], sa_mask[0]=0x7ffbfeff, sa_flags=0x10000004


---------------  S Y S T E M  ---------------

OS:jessie/sid

uname:Linux 3.13.0-39-generic #66-Ubuntu SMP Tue Oct 28 13:31:23 UTC 2014 i686
libc:glibc 2.19 NPTL 2.19 
rlimit: STACK 8192k, CORE 0k, NPROC 31808, NOFILE 4096, AS infinity
load average:0.69 0.66 0.58

/proc/meminfo:
MemTotal:        4090700 kB
MemFree:         1105492 kB
Buffers:          278364 kB
Cached:          1488908 kB
SwapCached:            0 kB
Active:          1819040 kB
Inactive:        1011896 kB
Active(anon):    1064832 kB
Inactive(anon):   111752 kB
Active(file):     754208 kB
Inactive(file):   900144 kB
Unevictable:           0 kB
Mlocked:               0 kB
HighTotal:       3240908 kB
HighFree:         929060 kB
LowTotal:         849792 kB
LowFree:          176432 kB
SwapTotal:       3905532 kB
SwapFree:        3905532 kB
Dirty:               236 kB
Writeback:             0 kB
AnonPages:       1063560 kB
Mapped:           183572 kB
Shmem:            112988 kB
Slab:             121856 kB
SReclaimable:     105548 kB
SUnreclaim:        16308 kB
KernelStack:        3368 kB
PageTables:        10652 kB
NFS_Unstable:          0 kB
Bounce:                0 kB
WritebackTmp:          0 kB
CommitLimit:     5950880 kB
Committed_AS:    3810752 kB
VmallocTotal:     122880 kB
VmallocUsed:       14852 kB
VmallocChunk:     103064 kB
HardwareCorrupted:     0 kB
AnonHugePages:    448512 kB
HugePages_Total:       0
HugePages_Free:        0
HugePages_Rsvd:        0
HugePages_Surp:        0
Hugepagesize:       2048 kB
DirectMap4k:       40952 kB
DirectMap2M:      872448 kB


CPU:total 2 (2 cores per cpu, 1 threads per core) family 6 model 15 stepping 13, cmov, cx8, fxsr, mmx, sse, sse2, sse3, ssse3, tsc

/proc/cpuinfo:
processor	: 0
vendor_id	: GenuineIntel
cpu family	: 6
model		: 15
model name	: Intel(R) Pentium(R) Dual  CPU  T3200  @ 2.00GHz
stepping	: 13
microcode	: 0xa3
cpu MHz		: 2000.000
cache size	: 1024 KB
physical id	: 0
siblings	: 2
core id		: 0
cpu cores	: 2
apicid		: 0
initial apicid	: 0
fdiv_bug	: no
f00f_bug	: no
coma_bug	: no
fpu		: yes
fpu_exception	: yes
cpuid level	: 10
wp		: yes
flags		: fpu vme de pse tsc msr pae mce cx8 apic sep mtrr pge mca cmov pat pse36 clflush dts acpi mmx fxsr sse sse2 ss ht tm pbe nx lm constant_tsc arch_perfmon pebs bts aperfmperf pni dtes64 monitor ds_cpl est tm2 ssse3 cx16 xtpr pdcm lahf_lm dtherm
bogomips	: 3990.02
clflush size	: 64
cache_alignment	: 64
address sizes	: 36 bits physical, 48 bits virtual
power management:

processor	: 1
vendor_id	: GenuineIntel
cpu family	: 6
model		: 15
model name	: Intel(R) Pentium(R) Dual  CPU  T3200  @ 2.00GHz
stepping	: 13
microcode	: 0xa3
cpu MHz		: 2000.000
cache size	: 1024 KB
physical id	: 0
siblings	: 2
core id		: 1
cpu cores	: 2
apicid		: 1
initial apicid	: 1
fdiv_bug	: no
f00f_bug	: no
coma_bug	: no
fpu		: yes
fpu_exception	: yes
cpuid level	: 10
wp		: yes
flags		: fpu vme de pse tsc msr pae mce cx8 apic sep mtrr pge mca cmov pat pse36 clflush dts acpi mmx fxsr sse sse2 ss ht tm pbe nx lm constant_tsc arch_perfmon pebs bts aperfmperf pni dtes64 monitor ds_cpl est tm2 ssse3 cx16 xtpr pdcm lahf_lm dtherm
bogomips	: 3990.02
clflush size	: 64
cache_alignment	: 64
address sizes	: 36 bits physical, 48 bits virtual
power management:



Memory: 4k page, physical 4090700k(1105492k free), swap 3905532k(3905532k free)

vm_info: Java HotSpot(TM) Server VM (24.72-b04) for linux-x86 JRE (1.7.0_72-b14), built on Sep 26 2014 19:38:09 by "java_re" with gcc 4.3.0 20080428 (Red Hat 4.3.0-8)

time: Sun Nov  9 10:50:46 2014
elapsed time: 655 seconds

